<?xml version="1.0" encoding="UTF-8"?>
<!-- Generated by org.testng.reporters.JUnitReportReporter -->
<testsuite name="com.icv.clientNotification.test.SendToClients" tests="2" time="158.027" ignored="0" failures="0" timestamp="09 Jul 2020 15:51:30 GMT" skipped="0" hostname="Bipin-PC" errors="0">
  <testcase name="testToSendMessage" time="66.958" classname="com.icv.clientNotification.test.SendToClients"/>
  <testcase name="testToSendMessage" time="91.069" classname="com.icv.clientNotification.test.SendToClients"/>
</testsuite> <!-- com.icv.clientNotification.test.SendToClients -->
